0 info it worked if it ends with ok
1 verbose cli [ '/home/mh-cbon/.nvm/versions/node/v5.0.0/bin/node',
1 verbose cli   '/home/mh-cbon/.nvm/versions/node/v5.0.0/bin/npm',
1 verbose cli   'run',
1 verbose cli   'patch' ]
2 info using npm@3.3.7
3 info using node@v5.0.0
4 verbose run-script [ 'prepatch', 'patch', 'postpatch' ]
5 info lifecycle @mh-bon/pkg-source-to-pkg-json@1.0.0~prepatch: @mh-bon/pkg-source-to-pkg-json@1.0.0
6 silly lifecycle @mh-bon/pkg-source-to-pkg-json@1.0.0~prepatch: no script for prepatch, continuing
7 info lifecycle @mh-bon/pkg-source-to-pkg-json@1.0.0~patch: @mh-bon/pkg-source-to-pkg-json@1.0.0
8 verbose lifecycle @mh-bon/pkg-source-to-pkg-json@1.0.0~patch: unsafe-perm in lifecycle true
9 verbose lifecycle @mh-bon/pkg-source-to-pkg-json@1.0.0~patch: PATH: /home/mh-cbon/.nvm/versions/node/v5.0.0/lib/node_modules/npm/bin/node-gyp-bin:/home/mh-cbon/projects/pkg-source-to-pkg-json/node_modules/.bin:/home/mh-cbon/.nvm/versions/node/v5.0.0/bin:/usr/lib64/qt-3.3/bin:/usr/local/bin:/usr/local/sbin:/usr/bin:/usr/sbin:/home/mh-cbon/.local/bin:/home/mh-cbon/bin
10 verbose lifecycle @mh-bon/pkg-source-to-pkg-json@1.0.0~patch: CWD: /home/mh-cbon/projects/pkg-source-to-pkg-json
11 silly lifecycle @mh-bon/pkg-source-to-pkg-json@1.0.0~patch: Args: [ '-c', 'npm version patch -m "patch %s"' ]
12 silly lifecycle @mh-bon/pkg-source-to-pkg-json@1.0.0~patch: Returned: code: 1  signal: null
13 info lifecycle @mh-bon/pkg-source-to-pkg-json@1.0.0~patch: Failed to exec patch script
14 verbose stack Error: @mh-bon/pkg-source-to-pkg-json@1.0.0 patch: `npm version patch -m "patch %s"`
14 verbose stack Exit status 1
14 verbose stack     at EventEmitter.<anonymous> (/home/mh-cbon/.nvm/versions/node/v5.0.0/lib/node_modules/npm/lib/utils/lifecycle.js:222:16)
14 verbose stack     at emitTwo (events.js:87:13)
14 verbose stack     at EventEmitter.emit (events.js:172:7)
14 verbose stack     at ChildProcess.<anonymous> (/home/mh-cbon/.nvm/versions/node/v5.0.0/lib/node_modules/npm/lib/utils/spawn.js:24:14)
14 verbose stack     at emitTwo (events.js:87:13)
14 verbose stack     at ChildProcess.emit (events.js:172:7)
14 verbose stack     at maybeClose (internal/child_process.js:818:16)
14 verbose stack     at Process.ChildProcess._handle.onexit (internal/child_process.js:211:5)
15 verbose pkgid @mh-bon/pkg-source-to-pkg-json@1.0.0
16 verbose cwd /home/mh-cbon/projects/pkg-source-to-pkg-json
17 error Linux 4.4.8-300.fc23.x86_64
18 error argv "/home/mh-cbon/.nvm/versions/node/v5.0.0/bin/node" "/home/mh-cbon/.nvm/versions/node/v5.0.0/bin/npm" "run" "patch"
19 error node v5.0.0
20 error npm  v3.3.7
21 error code ELIFECYCLE
22 error @mh-bon/pkg-source-to-pkg-json@1.0.0 patch: `npm version patch -m "patch %s"`
22 error Exit status 1
23 error Failed at the @mh-bon/pkg-source-to-pkg-json@1.0.0 patch script 'npm version patch -m "patch %s"'.
23 error This is most likely a problem with the @mh-bon/pkg-source-to-pkg-json package,
23 error not with npm itself.
23 error Tell the author that this fails on your system:
23 error     npm version patch -m "patch %s"
23 error You can get their info via:
23 error     npm owner ls @mh-bon/pkg-source-to-pkg-json
23 error There is likely additional logging output above.
24 verbose exit [ 1, true ]
